<?xml version="1.0" encoding="UTF-8"?>
<testsuite xmlns:xsi="http://www.w3.org/2001/XMLSchema-instance" xsi:noNamespaceSchemaLocation="https://maven.apache.org/surefire/maven-surefire-plugin/xsd/surefire-test-report.xsd" name="com.initializers.api.ApiServiceGraphQlApplicationTests" time="33.474" tests="1" errors="0" skipped="0" failures="0">
  <properties>
    <property name="gopherProxySet" value="false"/>
    <property name="awt.toolkit" value="sun.lwawt.macosx.LWCToolkit"/>
    <property name="file.encoding.pkg" value="sun.io"/>
    <property name="java.specification.version" value="1.8"/>
    <property name="sun.cpu.isalist" value=""/>
    <property name="sun.jnu.encoding" value="UTF-8"/>
    <property name="java.class.path" value="/Users/karthikh/Downloads/Old/Ubuntu/Service/apiService-GraphQL/target/test-classes:/Users/karthikh/Downloads/Old/Ubuntu/Service/apiService-GraphQL/target/classes:/Users/karthikh/.m2/repository/org/springframework/boot/spring-boot-starter/2.3.4.RELEASE/spring-boot-starter-2.3.4.RELEASE.jar:/Users/karthikh/.m2/repository/org/springframework/boot/spring-boot/2.3.4.RELEASE/spring-boot-2.3.4.RELEASE.jar:/Users/karthikh/.m2/repository/org/springframework/spring-context/5.2.9.RELEASE/spring-context-5.2.9.RELEASE.jar:/Users/karthikh/.m2/repository/org/springframework/spring-aop/5.2.9.RELEASE/spring-aop-5.2.9.RELEASE.jar:/Users/karthikh/.m2/repository/org/springframework/boot/spring-boot-autoconfigure/2.3.4.RELEASE/spring-boot-autoconfigure-2.3.4.RELEASE.jar:/Users/karthikh/.m2/repository/org/springframework/boot/spring-boot-starter-logging/2.3.4.RELEASE/spring-boot-starter-logging-2.3.4.RELEASE.jar:/Users/karthikh/.m2/repository/ch/qos/logback/logback-classic/1.2.3/logback-classic-1.2.3.jar:/Users/karthikh/.m2/repository/ch/qos/logback/logback-core/1.2.3/logback-core-1.2.3.jar:/Users/karthikh/.m2/repository/org/apache/logging/log4j/log4j-to-slf4j/2.13.3/log4j-to-slf4j-2.13.3.jar:/Users/karthikh/.m2/repository/org/apache/logging/log4j/log4j-api/2.13.3/log4j-api-2.13.3.jar:/Users/karthikh/.m2/repository/org/slf4j/jul-to-slf4j/1.7.30/jul-to-slf4j-1.7.30.jar:/Users/karthikh/.m2/repository/jakarta/annotation/jakarta.annotation-api/1.3.5/jakarta.annotation-api-1.3.5.jar:/Users/karthikh/.m2/repository/org/springframework/spring-core/5.2.9.RELEASE/spring-core-5.2.9.RELEASE.jar:/Users/karthikh/.m2/repository/org/springframework/spring-jcl/5.2.9.RELEASE/spring-jcl-5.2.9.RELEASE.jar:/Users/karthikh/.m2/repository/org/yaml/snakeyaml/1.26/snakeyaml-1.26.jar:/Users/karthikh/.m2/repository/com/graphql-java-kickstart/graphql-spring-boot-starter/5.9.0/graphql-spring-boot-starter-5.9.0.jar:/Users/karthikh/.m2/repository/com/graphql-java-kickstart/graphql-spring-boot-autoconfigure/5.9.0/graphql-spring-boot-autoconfigure-5.9.0.jar:/Users/karthikh/.m2/repository/org/springframework/boot/spring-boot-starter-websocket/2.3.4.RELEASE/spring-boot-starter-websocket-2.3.4.RELEASE.jar:/Users/karthikh/.m2/repository/org/springframework/boot/spring-boot-starter-web/2.3.4.RELEASE/spring-boot-starter-web-2.3.4.RELEASE.jar:/Users/karthikh/.m2/repository/org/springframework/boot/spring-boot-starter-json/2.3.4.RELEASE/spring-boot-starter-json-2.3.4.RELEASE.jar:/Users/karthikh/.m2/repository/com/fasterxml/jackson/module/jackson-module-parameter-names/2.11.2/jackson-module-parameter-names-2.11.2.jar:/Users/karthikh/.m2/repository/org/springframework/boot/spring-boot-starter-tomcat/2.3.4.RELEASE/spring-boot-starter-tomcat-2.3.4.RELEASE.jar:/Users/karthikh/.m2/repository/org/apache/tomcat/embed/tomcat-embed-core/9.0.38/tomcat-embed-core-9.0.38.jar:/Users/karthikh/.m2/repository/org/glassfish/jakarta.el/3.0.3/jakarta.el-3.0.3.jar:/Users/karthikh/.m2/repository/org/apache/tomcat/embed/tomcat-embed-websocket/9.0.38/tomcat-embed-websocket-9.0.38.jar:/Users/karthikh/.m2/repository/org/springframework/spring-web/5.2.9.RELEASE/spring-web-5.2.9.RELEASE.jar:/Users/karthikh/.m2/repository/org/springframework/spring-webmvc/5.2.9.RELEASE/spring-webmvc-5.2.9.RELEASE.jar:/Users/karthikh/.m2/repository/org/springframework/spring-messaging/5.2.9.RELEASE/spring-messaging-5.2.9.RELEASE.jar:/Users/karthikh/.m2/repository/org/springframework/spring-websocket/5.2.9.RELEASE/spring-websocket-5.2.9.RELEASE.jar:/Users/karthikh/.m2/repository/com/graphql-java-kickstart/graphql-java-servlet/7.5.0/graphql-java-servlet-7.5.0.jar:/Users/karthikh/.m2/repository/javax/servlet/javax.servlet-api/4.0.1/javax.servlet-api-4.0.1.jar:/Users/karthikh/.m2/repository/javax/websocket/javax.websocket-api/1.1/javax.websocket-api-1.1.jar:/Users/karthikh/.m2/repository/commons-io/commons-io/2.6/commons-io-2.6.jar:/Users/karthikh/.m2/repository/com/graphql-java-kickstart/graphql-java-tools/5.6.0/graphql-java-tools-5.6.0.jar:/Users/karthikh/.m2/repository/org/jetbrains/kotlin/kotlin-stdlib/1.3.72/kotlin-stdlib-1.3.72.jar:/Users/karthikh/.m2/repository/org/jetbrains/kotlin/kotlin-stdlib-common/1.3.72/kotlin-stdlib-common-1.3.72.jar:/Users/karthikh/.m2/repository/org/jetbrains/annotations/13.0/annotations-13.0.jar:/Users/karthikh/.m2/repository/org/jetbrains/kotlin/kotlin-reflect/1.3.72/kotlin-reflect-1.3.72.jar:/Users/karthikh/.m2/repository/org/jetbrains/kotlinx/kotlinx-coroutines-jdk8/1.3.8/kotlinx-coroutines-jdk8-1.3.8.jar:/Users/karthikh/.m2/repository/org/jetbrains/kotlinx/kotlinx-coroutines-core/1.3.8/kotlinx-coroutines-core-1.3.8.jar:/Users/karthikh/.m2/repository/org/jetbrains/kotlinx/kotlinx-coroutines-reactive/1.3.8/kotlinx-coroutines-reactive-1.3.8.jar:/Users/karthikh/.m2/repository/org/reactivestreams/reactive-streams/1.0.3/reactive-streams-1.0.3.jar:/Users/karthikh/.m2/repository/com/graphql-java/graphql-java/12.0/graphql-java-12.0.jar:/Users/karthikh/.m2/repository/org/antlr/antlr4-runtime/4.7.2/antlr4-runtime-4.7.2.jar:/Users/karthikh/.m2/repository/com/graphql-java/java-dataloader/2.1.1/java-dataloader-2.1.1.jar:/Users/karthikh/.m2/repository/com/fasterxml/classmate/1.5.1/classmate-1.5.1.jar:/Users/karthikh/.m2/repository/com/fasterxml/jackson/core/jackson-core/2.11.2/jackson-core-2.11.2.jar:/Users/karthikh/.m2/repository/com/fasterxml/jackson/module/jackson-module-kotlin/2.11.2/jackson-module-kotlin-2.11.2.jar:/Users/karthikh/.m2/repository/com/fasterxml/jackson/core/jackson-databind/2.11.2/jackson-databind-2.11.2.jar:/Users/karthikh/.m2/repository/com/fasterxml/jackson/core/jackson-annotations/2.11.2/jackson-annotations-2.11.2.jar:/Users/karthikh/.m2/repository/com/fasterxml/jackson/datatype/jackson-datatype-jdk8/2.11.2/jackson-datatype-jdk8-2.11.2.jar:/Users/karthikh/.m2/repository/com/esotericsoftware/reflectasm/1.11.7/reflectasm-1.11.7.jar:/Users/karthikh/.m2/repository/org/apache/commons/commons-lang3/3.10/commons-lang3-3.10.jar:/Users/karthikh/.m2/repository/com/google/guava/guava/26.0-jre/guava-26.0-jre.jar:/Users/karthikh/.m2/repository/com/google/code/findbugs/jsr305/3.0.2/jsr305-3.0.2.jar:/Users/karthikh/.m2/repository/org/checkerframework/checker-qual/2.5.2/checker-qual-2.5.2.jar:/Users/karthikh/.m2/repository/com/google/errorprone/error_prone_annotations/2.1.3/error_prone_annotations-2.1.3.jar:/Users/karthikh/.m2/repository/com/google/j2objc/j2objc-annotations/1.1/j2objc-annotations-1.1.jar:/Users/karthikh/.m2/repository/org/codehaus/mojo/animal-sniffer-annotations/1.14/animal-sniffer-annotations-1.14.jar:/Users/karthikh/.m2/repository/org/slf4j/slf4j-api/1.7.30/slf4j-api-1.7.30.jar:/Users/karthikh/.m2/repository/com/graphql-java-kickstart/graphiql-spring-boot-starter/5.9.0/graphiql-spring-boot-starter-5.9.0.jar:/Users/karthikh/.m2/repository/com/graphql-java-kickstart/graphiql-spring-boot-autoconfigure/5.9.0/graphiql-spring-boot-autoconfigure-5.9.0.jar:/Users/karthikh/.m2/repository/org/apache/commons/commons-text/1.1/commons-text-1.1.jar:/Users/karthikh/.m2/repository/org/springframework/boot/spring-boot-devtools/2.3.4.RELEASE/spring-boot-devtools-2.3.4.RELEASE.jar:/Users/karthikh/.m2/repository/org/springframework/boot/spring-boot-starter-mail/2.3.4.RELEASE/spring-boot-starter-mail-2.3.4.RELEASE.jar:/Users/karthikh/.m2/repository/org/springframework/spring-context-support/5.2.9.RELEASE/spring-context-support-5.2.9.RELEASE.jar:/Users/karthikh/.m2/repository/org/springframework/spring-beans/5.2.9.RELEASE/spring-beans-5.2.9.RELEASE.jar:/Users/karthikh/.m2/repository/com/sun/mail/jakarta.mail/1.6.5/jakarta.mail-1.6.5.jar:/Users/karthikh/.m2/repository/com/sun/activation/jakarta.activation/1.2.2/jakarta.activation-1.2.2.jar:/Users/karthikh/.m2/repository/org/springframework/boot/spring-boot-starter-actuator/2.3.4.RELEASE/spring-boot-starter-actuator-2.3.4.RELEASE.jar:/Users/karthikh/.m2/repository/org/springframework/boot/spring-boot-actuator-autoconfigure/2.3.4.RELEASE/spring-boot-actuator-autoconfigure-2.3.4.RELEASE.jar:/Users/karthikh/.m2/repository/org/springframework/boot/spring-boot-actuator/2.3.4.RELEASE/spring-boot-actuator-2.3.4.RELEASE.jar:/Users/karthikh/.m2/repository/com/fasterxml/jackson/datatype/jackson-datatype-jsr310/2.11.2/jackson-datatype-jsr310-2.11.2.jar:/Users/karthikh/.m2/repository/io/micrometer/micrometer-core/1.5.5/micrometer-core-1.5.5.jar:/Users/karthikh/.m2/repository/org/hdrhistogram/HdrHistogram/2.1.12/HdrHistogram-2.1.12.jar:/Users/karthikh/.m2/repository/org/latencyutils/LatencyUtils/2.0.3/LatencyUtils-2.0.3.jar:/Users/karthikh/.m2/repository/org/springframework/boot/spring-boot-starter-data-mongodb/2.3.4.RELEASE/spring-boot-starter-data-mongodb-2.3.4.RELEASE.jar:/Users/karthikh/.m2/repository/org/mongodb/mongodb-driver-sync/4.0.5/mongodb-driver-sync-4.0.5.jar:/Users/karthikh/.m2/repository/org/mongodb/bson/4.0.5/bson-4.0.5.jar:/Users/karthikh/.m2/repository/org/mongodb/mongodb-driver-core/4.0.5/mongodb-driver-core-4.0.5.jar:/Users/karthikh/.m2/repository/org/springframework/data/spring-data-mongodb/3.0.4.RELEASE/spring-data-mongodb-3.0.4.RELEASE.jar:/Users/karthikh/.m2/repository/org/springframework/spring-tx/5.2.9.RELEASE/spring-tx-5.2.9.RELEASE.jar:/Users/karthikh/.m2/repository/org/springframework/spring-expression/5.2.9.RELEASE/spring-expression-5.2.9.RELEASE.jar:/Users/karthikh/.m2/repository/org/springframework/data/spring-data-commons/2.3.4.RELEASE/spring-data-commons-2.3.4.RELEASE.jar:/Users/karthikh/.m2/repository/com/graphql-java/graphql-java-extended-scalars/1.0/graphql-java-extended-scalars-1.0.jar:/Users/karthikh/.m2/repository/com/squareup/okhttp3/okhttp/3.14.9/okhttp-3.14.9.jar:/Users/karthikh/.m2/repository/com/squareup/okio/okio/1.17.2/okio-1.17.2.jar:/Users/karthikh/.m2/repository/org/springframework/boot/spring-boot-starter-test/2.3.4.RELEASE/spring-boot-starter-test-2.3.4.RELEASE.jar:/Users/karthikh/.m2/repository/org/springframework/boot/spring-boot-test/2.3.4.RELEASE/spring-boot-test-2.3.4.RELEASE.jar:/Users/karthikh/.m2/repository/org/springframework/boot/spring-boot-test-autoconfigure/2.3.4.RELEASE/spring-boot-test-autoconfigure-2.3.4.RELEASE.jar:/Users/karthikh/.m2/repository/com/jayway/jsonpath/json-path/2.4.0/json-path-2.4.0.jar:/Users/karthikh/.m2/repository/net/minidev/json-smart/2.3/json-smart-2.3.jar:/Users/karthikh/.m2/repository/net/minidev/accessors-smart/1.2/accessors-smart-1.2.jar:/Users/karthikh/.m2/repository/org/ow2/asm/asm/5.0.4/asm-5.0.4.jar:/Users/karthikh/.m2/repository/jakarta/xml/bind/jakarta.xml.bind-api/2.3.3/jakarta.xml.bind-api-2.3.3.jar:/Users/karthikh/.m2/repository/jakarta/activation/jakarta.activation-api/1.2.2/jakarta.activation-api-1.2.2.jar:/Users/karthikh/.m2/repository/org/assertj/assertj-core/3.16.1/assertj-core-3.16.1.jar:/Users/karthikh/.m2/repository/org/hamcrest/hamcrest/2.2/hamcrest-2.2.jar:/Users/karthikh/.m2/repository/org/junit/jupiter/junit-jupiter/5.6.2/junit-jupiter-5.6.2.jar:/Users/karthikh/.m2/repository/org/junit/jupiter/junit-jupiter-api/5.6.2/junit-jupiter-api-5.6.2.jar:/Users/karthikh/.m2/repository/org/apiguardian/apiguardian-api/1.1.0/apiguardian-api-1.1.0.jar:/Users/karthikh/.m2/repository/org/opentest4j/opentest4j/1.2.0/opentest4j-1.2.0.jar:/Users/karthikh/.m2/repository/org/junit/platform/junit-platform-commons/1.6.2/junit-platform-commons-1.6.2.jar:/Users/karthikh/.m2/repository/org/junit/jupiter/junit-jupiter-params/5.6.2/junit-jupiter-params-5.6.2.jar:/Users/karthikh/.m2/repository/org/junit/jupiter/junit-jupiter-engine/5.6.2/junit-jupiter-engine-5.6.2.jar:/Users/karthikh/.m2/repository/org/junit/platform/junit-platform-engine/1.6.2/junit-platform-engine-1.6.2.jar:/Users/karthikh/.m2/repository/org/mockito/mockito-core/3.3.3/mockito-core-3.3.3.jar:/Users/karthikh/.m2/repository/net/bytebuddy/byte-buddy/1.10.14/byte-buddy-1.10.14.jar:/Users/karthikh/.m2/repository/net/bytebuddy/byte-buddy-agent/1.10.14/byte-buddy-agent-1.10.14.jar:/Users/karthikh/.m2/repository/org/objenesis/objenesis/2.6/objenesis-2.6.jar:/Users/karthikh/.m2/repository/org/mockito/mockito-junit-jupiter/3.3.3/mockito-junit-jupiter-3.3.3.jar:/Users/karthikh/.m2/repository/org/skyscreamer/jsonassert/1.5.0/jsonassert-1.5.0.jar:/Users/karthikh/.m2/repository/com/vaadin/external/google/android-json/0.0.20131108.vaadin1/android-json-0.0.20131108.vaadin1.jar:/Users/karthikh/.m2/repository/org/springframework/spring-test/5.2.9.RELEASE/spring-test-5.2.9.RELEASE.jar:/Users/karthikh/.m2/repository/org/xmlunit/xmlunit-core/2.7.0/xmlunit-core-2.7.0.jar:"/>
    <property name="java.vm.vendor" value="AdoptOpenJDK"/>
    <property name="sun.arch.data.model" value="64"/>
    <property name="java.vendor.url" value="https://adoptopenjdk.net/"/>
    <property name="user.timezone" value=""/>
    <property name="java.vm.specification.version" value="1.8"/>
    <property name="os.name" value="Mac OS X"/>
    <property name="user.country" value="IN"/>
    <property name="sun.java.launcher" value="SUN_STANDARD"/>
    <property name="sun.boot.library.path" value="/Library/Java/JavaVirtualMachines/adoptopenjdk-8.jdk/Contents/Home/jre/lib"/>
    <property name="sun.java.command" value="/Users/karthikh/Downloads/Old/Ubuntu/Service/apiService-GraphQL/target/surefire/surefirebooter9090892351485977851.jar /Users/karthikh/Downloads/Old/Ubuntu/Service/apiService-GraphQL/target/surefire 2021-01-05T11-57-24_319-jvmRun1 surefire4231517774063679909tmp surefire_03352660184403847511tmp"/>
    <property name="http.nonProxyHosts" value="local|*.local|169.254/16|*.169.254/16"/>
    <property name="surefire.test.class.path" value="/Users/karthikh/Downloads/Old/Ubuntu/Service/apiService-GraphQL/target/test-classes:/Users/karthikh/Downloads/Old/Ubuntu/Service/apiService-GraphQL/target/classes:/Users/karthikh/.m2/repository/org/springframework/boot/spring-boot-starter/2.3.4.RELEASE/spring-boot-starter-2.3.4.RELEASE.jar:/Users/karthikh/.m2/repository/org/springframework/boot/spring-boot/2.3.4.RELEASE/spring-boot-2.3.4.RELEASE.jar:/Users/karthikh/.m2/repository/org/springframework/spring-context/5.2.9.RELEASE/spring-context-5.2.9.RELEASE.jar:/Users/karthikh/.m2/repository/org/springframework/spring-aop/5.2.9.RELEASE/spring-aop-5.2.9.RELEASE.jar:/Users/karthikh/.m2/repository/org/springframework/boot/spring-boot-autoconfigure/2.3.4.RELEASE/spring-boot-autoconfigure-2.3.4.RELEASE.jar:/Users/karthikh/.m2/repository/org/springframework/boot/spring-boot-starter-logging/2.3.4.RELEASE/spring-boot-starter-logging-2.3.4.RELEASE.jar:/Users/karthikh/.m2/repository/ch/qos/logback/logback-classic/1.2.3/logback-classic-1.2.3.jar:/Users/karthikh/.m2/repository/ch/qos/logback/logback-core/1.2.3/logback-core-1.2.3.jar:/Users/karthikh/.m2/repository/org/apache/logging/log4j/log4j-to-slf4j/2.13.3/log4j-to-slf4j-2.13.3.jar:/Users/karthikh/.m2/repository/org/apache/logging/log4j/log4j-api/2.13.3/log4j-api-2.13.3.jar:/Users/karthikh/.m2/repository/org/slf4j/jul-to-slf4j/1.7.30/jul-to-slf4j-1.7.30.jar:/Users/karthikh/.m2/repository/jakarta/annotation/jakarta.annotation-api/1.3.5/jakarta.annotation-api-1.3.5.jar:/Users/karthikh/.m2/repository/org/springframework/spring-core/5.2.9.RELEASE/spring-core-5.2.9.RELEASE.jar:/Users/karthikh/.m2/repository/org/springframework/spring-jcl/5.2.9.RELEASE/spring-jcl-5.2.9.RELEASE.jar:/Users/karthikh/.m2/repository/org/yaml/snakeyaml/1.26/snakeyaml-1.26.jar:/Users/karthikh/.m2/repository/com/graphql-java-kickstart/graphql-spring-boot-starter/5.9.0/graphql-spring-boot-starter-5.9.0.jar:/Users/karthikh/.m2/repository/com/graphql-java-kickstart/graphql-spring-boot-autoconfigure/5.9.0/graphql-spring-boot-autoconfigure-5.9.0.jar:/Users/karthikh/.m2/repository/org/springframework/boot/spring-boot-starter-websocket/2.3.4.RELEASE/spring-boot-starter-websocket-2.3.4.RELEASE.jar:/Users/karthikh/.m2/repository/org/springframework/boot/spring-boot-starter-web/2.3.4.RELEASE/spring-boot-starter-web-2.3.4.RELEASE.jar:/Users/karthikh/.m2/repository/org/springframework/boot/spring-boot-starter-json/2.3.4.RELEASE/spring-boot-starter-json-2.3.4.RELEASE.jar:/Users/karthikh/.m2/repository/com/fasterxml/jackson/module/jackson-module-parameter-names/2.11.2/jackson-module-parameter-names-2.11.2.jar:/Users/karthikh/.m2/repository/org/springframework/boot/spring-boot-starter-tomcat/2.3.4.RELEASE/spring-boot-starter-tomcat-2.3.4.RELEASE.jar:/Users/karthikh/.m2/repository/org/apache/tomcat/embed/tomcat-embed-core/9.0.38/tomcat-embed-core-9.0.38.jar:/Users/karthikh/.m2/repository/org/glassfish/jakarta.el/3.0.3/jakarta.el-3.0.3.jar:/Users/karthikh/.m2/repository/org/apache/tomcat/embed/tomcat-embed-websocket/9.0.38/tomcat-embed-websocket-9.0.38.jar:/Users/karthikh/.m2/repository/org/springframework/spring-web/5.2.9.RELEASE/spring-web-5.2.9.RELEASE.jar:/Users/karthikh/.m2/repository/org/springframework/spring-webmvc/5.2.9.RELEASE/spring-webmvc-5.2.9.RELEASE.jar:/Users/karthikh/.m2/repository/org/springframework/spring-messaging/5.2.9.RELEASE/spring-messaging-5.2.9.RELEASE.jar:/Users/karthikh/.m2/repository/org/springframework/spring-websocket/5.2.9.RELEASE/spring-websocket-5.2.9.RELEASE.jar:/Users/karthikh/.m2/repository/com/graphql-java-kickstart/graphql-java-servlet/7.5.0/graphql-java-servlet-7.5.0.jar:/Users/karthikh/.m2/repository/javax/servlet/javax.servlet-api/4.0.1/javax.servlet-api-4.0.1.jar:/Users/karthikh/.m2/repository/javax/websocket/javax.websocket-api/1.1/javax.websocket-api-1.1.jar:/Users/karthikh/.m2/repository/commons-io/commons-io/2.6/commons-io-2.6.jar:/Users/karthikh/.m2/repository/com/graphql-java-kickstart/graphql-java-tools/5.6.0/graphql-java-tools-5.6.0.jar:/Users/karthikh/.m2/repository/org/jetbrains/kotlin/kotlin-stdlib/1.3.72/kotlin-stdlib-1.3.72.jar:/Users/karthikh/.m2/repository/org/jetbrains/kotlin/kotlin-stdlib-common/1.3.72/kotlin-stdlib-common-1.3.72.jar:/Users/karthikh/.m2/repository/org/jetbrains/annotations/13.0/annotations-13.0.jar:/Users/karthikh/.m2/repository/org/jetbrains/kotlin/kotlin-reflect/1.3.72/kotlin-reflect-1.3.72.jar:/Users/karthikh/.m2/repository/org/jetbrains/kotlinx/kotlinx-coroutines-jdk8/1.3.8/kotlinx-coroutines-jdk8-1.3.8.jar:/Users/karthikh/.m2/repository/org/jetbrains/kotlinx/kotlinx-coroutines-core/1.3.8/kotlinx-coroutines-core-1.3.8.jar:/Users/karthikh/.m2/repository/org/jetbrains/kotlinx/kotlinx-coroutines-reactive/1.3.8/kotlinx-coroutines-reactive-1.3.8.jar:/Users/karthikh/.m2/repository/org/reactivestreams/reactive-streams/1.0.3/reactive-streams-1.0.3.jar:/Users/karthikh/.m2/repository/com/graphql-java/graphql-java/12.0/graphql-java-12.0.jar:/Users/karthikh/.m2/repository/org/antlr/antlr4-runtime/4.7.2/antlr4-runtime-4.7.2.jar:/Users/karthikh/.m2/repository/com/graphql-java/java-dataloader/2.1.1/java-dataloader-2.1.1.jar:/Users/karthikh/.m2/repository/com/fasterxml/classmate/1.5.1/classmate-1.5.1.jar:/Users/karthikh/.m2/repository/com/fasterxml/jackson/core/jackson-core/2.11.2/jackson-core-2.11.2.jar:/Users/karthikh/.m2/repository/com/fasterxml/jackson/module/jackson-module-kotlin/2.11.2/jackson-module-kotlin-2.11.2.jar:/Users/karthikh/.m2/repository/com/fasterxml/jackson/core/jackson-databind/2.11.2/jackson-databind-2.11.2.jar:/Users/karthikh/.m2/repository/com/fasterxml/jackson/core/jackson-annotations/2.11.2/jackson-annotations-2.11.2.jar:/Users/karthikh/.m2/repository/com/fasterxml/jackson/datatype/jackson-datatype-jdk8/2.11.2/jackson-datatype-jdk8-2.11.2.jar:/Users/karthikh/.m2/repository/com/esotericsoftware/reflectasm/1.11.7/reflectasm-1.11.7.jar:/Users/karthikh/.m2/repository/org/apache/commons/commons-lang3/3.10/commons-lang3-3.10.jar:/Users/karthikh/.m2/repository/com/google/guava/guava/26.0-jre/guava-26.0-jre.jar:/Users/karthikh/.m2/repository/com/google/code/findbugs/jsr305/3.0.2/jsr305-3.0.2.jar:/Users/karthikh/.m2/repository/org/checkerframework/checker-qual/2.5.2/checker-qual-2.5.2.jar:/Users/karthikh/.m2/repository/com/google/errorprone/error_prone_annotations/2.1.3/error_prone_annotations-2.1.3.jar:/Users/karthikh/.m2/repository/com/google/j2objc/j2objc-annotations/1.1/j2objc-annotations-1.1.jar:/Users/karthikh/.m2/repository/org/codehaus/mojo/animal-sniffer-annotations/1.14/animal-sniffer-annotations-1.14.jar:/Users/karthikh/.m2/repository/org/slf4j/slf4j-api/1.7.30/slf4j-api-1.7.30.jar:/Users/karthikh/.m2/repository/com/graphql-java-kickstart/graphiql-spring-boot-starter/5.9.0/graphiql-spring-boot-starter-5.9.0.jar:/Users/karthikh/.m2/repository/com/graphql-java-kickstart/graphiql-spring-boot-autoconfigure/5.9.0/graphiql-spring-boot-autoconfigure-5.9.0.jar:/Users/karthikh/.m2/repository/org/apache/commons/commons-text/1.1/commons-text-1.1.jar:/Users/karthikh/.m2/repository/org/springframework/boot/spring-boot-devtools/2.3.4.RELEASE/spring-boot-devtools-2.3.4.RELEASE.jar:/Users/karthikh/.m2/repository/org/springframework/boot/spring-boot-starter-mail/2.3.4.RELEASE/spring-boot-starter-mail-2.3.4.RELEASE.jar:/Users/karthikh/.m2/repository/org/springframework/spring-context-support/5.2.9.RELEASE/spring-context-support-5.2.9.RELEASE.jar:/Users/karthikh/.m2/repository/org/springframework/spring-beans/5.2.9.RELEASE/spring-beans-5.2.9.RELEASE.jar:/Users/karthikh/.m2/repository/com/sun/mail/jakarta.mail/1.6.5/jakarta.mail-1.6.5.jar:/Users/karthikh/.m2/repository/com/sun/activation/jakarta.activation/1.2.2/jakarta.activation-1.2.2.jar:/Users/karthikh/.m2/repository/org/springframework/boot/spring-boot-starter-actuator/2.3.4.RELEASE/spring-boot-starter-actuator-2.3.4.RELEASE.jar:/Users/karthikh/.m2/repository/org/springframework/boot/spring-boot-actuator-autoconfigure/2.3.4.RELEASE/spring-boot-actuator-autoconfigure-2.3.4.RELEASE.jar:/Users/karthikh/.m2/repository/org/springframework/boot/spring-boot-actuator/2.3.4.RELEASE/spring-boot-actuator-2.3.4.RELEASE.jar:/Users/karthikh/.m2/repository/com/fasterxml/jackson/datatype/jackson-datatype-jsr310/2.11.2/jackson-datatype-jsr310-2.11.2.jar:/Users/karthikh/.m2/repository/io/micrometer/micrometer-core/1.5.5/micrometer-core-1.5.5.jar:/Users/karthikh/.m2/repository/org/hdrhistogram/HdrHistogram/2.1.12/HdrHistogram-2.1.12.jar:/Users/karthikh/.m2/repository/org/latencyutils/LatencyUtils/2.0.3/LatencyUtils-2.0.3.jar:/Users/karthikh/.m2/repository/org/springframework/boot/spring-boot-starter-data-mongodb/2.3.4.RELEASE/spring-boot-starter-data-mongodb-2.3.4.RELEASE.jar:/Users/karthikh/.m2/repository/org/mongodb/mongodb-driver-sync/4.0.5/mongodb-driver-sync-4.0.5.jar:/Users/karthikh/.m2/repository/org/mongodb/bson/4.0.5/bson-4.0.5.jar:/Users/karthikh/.m2/repository/org/mongodb/mongodb-driver-core/4.0.5/mongodb-driver-core-4.0.5.jar:/Users/karthikh/.m2/repository/org/springframework/data/spring-data-mongodb/3.0.4.RELEASE/spring-data-mongodb-3.0.4.RELEASE.jar:/Users/karthikh/.m2/repository/org/springframework/spring-tx/5.2.9.RELEASE/spring-tx-5.2.9.RELEASE.jar:/Users/karthikh/.m2/repository/org/springframework/spring-expression/5.2.9.RELEASE/spring-expression-5.2.9.RELEASE.jar:/Users/karthikh/.m2/repository/org/springframework/data/spring-data-commons/2.3.4.RELEASE/spring-data-commons-2.3.4.RELEASE.jar:/Users/karthikh/.m2/repository/com/graphql-java/graphql-java-extended-scalars/1.0/graphql-java-extended-scalars-1.0.jar:/Users/karthikh/.m2/repository/com/squareup/okhttp3/okhttp/3.14.9/okhttp-3.14.9.jar:/Users/karthikh/.m2/repository/com/squareup/okio/okio/1.17.2/okio-1.17.2.jar:/Users/karthikh/.m2/repository/org/springframework/boot/spring-boot-starter-test/2.3.4.RELEASE/spring-boot-starter-test-2.3.4.RELEASE.jar:/Users/karthikh/.m2/repository/org/springframework/boot/spring-boot-test/2.3.4.RELEASE/spring-boot-test-2.3.4.RELEASE.jar:/Users/karthikh/.m2/repository/org/springframework/boot/spring-boot-test-autoconfigure/2.3.4.RELEASE/spring-boot-test-autoconfigure-2.3.4.RELEASE.jar:/Users/karthikh/.m2/repository/com/jayway/jsonpath/json-path/2.4.0/json-path-2.4.0.jar:/Users/karthikh/.m2/repository/net/minidev/json-smart/2.3/json-smart-2.3.jar:/Users/karthikh/.m2/repository/net/minidev/accessors-smart/1.2/accessors-smart-1.2.jar:/Users/karthikh/.m2/repository/org/ow2/asm/asm/5.0.4/asm-5.0.4.jar:/Users/karthikh/.m2/repository/jakarta/xml/bind/jakarta.xml.bind-api/2.3.3/jakarta.xml.bind-api-2.3.3.jar:/Users/karthikh/.m2/repository/jakarta/activation/jakarta.activation-api/1.2.2/jakarta.activation-api-1.2.2.jar:/Users/karthikh/.m2/repository/org/assertj/assertj-core/3.16.1/assertj-core-3.16.1.jar:/Users/karthikh/.m2/repository/org/hamcrest/hamcrest/2.2/hamcrest-2.2.jar:/Users/karthikh/.m2/repository/org/junit/jupiter/junit-jupiter/5.6.2/junit-jupiter-5.6.2.jar:/Users/karthikh/.m2/repository/org/junit/jupiter/junit-jupiter-api/5.6.2/junit-jupiter-api-5.6.2.jar:/Users/karthikh/.m2/repository/org/apiguardian/apiguardian-api/1.1.0/apiguardian-api-1.1.0.jar:/Users/karthikh/.m2/repository/org/opentest4j/opentest4j/1.2.0/opentest4j-1.2.0.jar:/Users/karthikh/.m2/repository/org/junit/platform/junit-platform-commons/1.6.2/junit-platform-commons-1.6.2.jar:/Users/karthikh/.m2/repository/org/junit/jupiter/junit-jupiter-params/5.6.2/junit-jupiter-params-5.6.2.jar:/Users/karthikh/.m2/repository/org/junit/jupiter/junit-jupiter-engine/5.6.2/junit-jupiter-engine-5.6.2.jar:/Users/karthikh/.m2/repository/org/junit/platform/junit-platform-engine/1.6.2/junit-platform-engine-1.6.2.jar:/Users/karthikh/.m2/repository/org/mockito/mockito-core/3.3.3/mockito-core-3.3.3.jar:/Users/karthikh/.m2/repository/net/bytebuddy/byte-buddy/1.10.14/byte-buddy-1.10.14.jar:/Users/karthikh/.m2/repository/net/bytebuddy/byte-buddy-agent/1.10.14/byte-buddy-agent-1.10.14.jar:/Users/karthikh/.m2/repository/org/objenesis/objenesis/2.6/objenesis-2.6.jar:/Users/karthikh/.m2/repository/org/mockito/mockito-junit-jupiter/3.3.3/mockito-junit-jupiter-3.3.3.jar:/Users/karthikh/.m2/repository/org/skyscreamer/jsonassert/1.5.0/jsonassert-1.5.0.jar:/Users/karthikh/.m2/repository/com/vaadin/external/google/android-json/0.0.20131108.vaadin1/android-json-0.0.20131108.vaadin1.jar:/Users/karthikh/.m2/repository/org/springframework/spring-test/5.2.9.RELEASE/spring-test-5.2.9.RELEASE.jar:/Users/karthikh/.m2/repository/org/xmlunit/xmlunit-core/2.7.0/xmlunit-core-2.7.0.jar:"/>
    <property name="sun.cpu.endian" value="little"/>
    <property name="user.home" value="/Users/karthikh"/>
    <property name="user.language" value="en"/>
    <property name="java.specification.vendor" value="Oracle Corporation"/>
    <property name="java.home" value="/Library/Java/JavaVirtualMachines/adoptopenjdk-8.jdk/Contents/Home/jre"/>
    <property name="basedir" value="/Users/karthikh/Downloads/Old/Ubuntu/Service/apiService-GraphQL"/>
    <property name="style.color" value="always"/>
    <property name="file.separator" value="/"/>
    <property name="line.separator" value="&#10;"/>
    <property name="java.vm.specification.vendor" value="Oracle Corporation"/>
    <property name="java.specification.name" value="Java Platform API Specification"/>
    <property name="java.awt.graphicsenv" value="sun.awt.CGraphicsEnvironment"/>
    <property name="surefire.real.class.path" value="/Users/karthikh/Downloads/Old/Ubuntu/Service/apiService-GraphQL/target/surefire/surefirebooter9090892351485977851.jar"/>
    <property name="sun.boot.class.path" value="/Library/Java/JavaVirtualMachines/adoptopenjdk-8.jdk/Contents/Home/jre/lib/resources.jar:/Library/Java/JavaVirtualMachines/adoptopenjdk-8.jdk/Contents/Home/jre/lib/rt.jar:/Library/Java/JavaVirtualMachines/adoptopenjdk-8.jdk/Contents/Home/jre/lib/sunrsasign.jar:/Library/Java/JavaVirtualMachines/adoptopenjdk-8.jdk/Contents/Home/jre/lib/jsse.jar:/Library/Java/JavaVirtualMachines/adoptopenjdk-8.jdk/Contents/Home/jre/lib/jce.jar:/Library/Java/JavaVirtualMachines/adoptopenjdk-8.jdk/Contents/Home/jre/lib/charsets.jar:/Library/Java/JavaVirtualMachines/adoptopenjdk-8.jdk/Contents/Home/jre/lib/jfr.jar:/Library/Java/JavaVirtualMachines/adoptopenjdk-8.jdk/Contents/Home/jre/classes"/>
    <property name="sun.management.compiler" value="HotSpot 64-Bit Tiered Compilers"/>
    <property name="ftp.nonProxyHosts" value="local|*.local|169.254/16|*.169.254/16"/>
    <property name="java.runtime.version" value="1.8.0_272-b10"/>
    <property name="user.name" value="karthikh"/>
    <property name="path.separator" value=":"/>
    <property name="os.version" value="10.16"/>
    <property name="java.endorsed.dirs" value="/Library/Java/JavaVirtualMachines/adoptopenjdk-8.jdk/Contents/Home/jre/lib/endorsed"/>
    <property name="java.runtime.name" value="OpenJDK Runtime Environment"/>
    <property name="file.encoding" value="UTF-8"/>
    <property name="java.vm.name" value="OpenJDK 64-Bit Server VM"/>
    <property name="localRepository" value="/Users/karthikh/.m2/repository"/>
    <property name="java.vendor.url.bug" value="https://github.com/AdoptOpenJDK/openjdk-support/issues"/>
    <property name="java.io.tmpdir" value="/var/folders/f9/_h4c1f0j49g2ttnbzyc5r30c0000gn/T/"/>
    <property name="java.version" value="1.8.0_272"/>
    <property name="user.dir" value="/Users/karthikh/Downloads/Old/Ubuntu/Service/apiService-GraphQL"/>
    <property name="os.arch" value="x86_64"/>
    <property name="java.vm.specification.name" value="Java Virtual Machine Specification"/>
    <property name="java.awt.printerjob" value="sun.lwawt.macosx.CPrinterJob"/>
    <property name="sun.os.patch.level" value="unknown"/>
    <property name="java.library.path" value="/Users/karthikh/Library/Java/Extensions:/Library/Java/Extensions:/Network/Library/Java/Extensions:/System/Library/Java/Extensions:/usr/lib/java:."/>
    <property name="java.vm.info" value="mixed mode"/>
    <property name="java.vendor" value="AdoptOpenJDK"/>
    <property name="java.vm.version" value="25.272-b10"/>
    <property name="java.ext.dirs" value="/Users/karthikh/Library/Java/Extensions:/Library/Java/JavaVirtualMachines/adoptopenjdk-8.jdk/Contents/Home/jre/lib/ext:/Library/Java/Extensions:/Network/Library/Java/Extensions:/System/Library/Java/Extensions:/usr/lib/java"/>
    <property name="sun.io.unicode.encoding" value="UnicodeBig"/>
    <property name="java.class.version" value="52.0"/>
    <property name="socksNonProxyHosts" value="local|*.local|169.254/16|*.169.254/16"/>
  </properties>
  <testcase name="contextLoads" classname="com.initializers.api.ApiServiceGraphQlApplicationTests" time="0.677"/>
</testsuite>